  Save_and_Load.cpp
  background.cpp
  bullet.cpp
W:\Курсач Прога\Project2 — копия\bullet.cpp(13,13): warning C4244: return: преобразование "double" в "int", возможна потеря данных
W:\Курсач Прога\Project2 — копия\bullet.cpp(31,35): warning C4244: =: преобразование "int" в "float", возможна потеря данных
W:\Курсач Прога\Project2 — копия\bullet.cpp(32,35): warning C4244: =: преобразование "int" в "float", возможна потеря данных
  creeps.cpp
  initialization.cpp
  main.cpp
W:\Курсач Прога\Project2 — копия\main.cpp(50,12): warning C4244: аргумент: преобразование "time_t" в "unsigned int", возможна потеря данных
  menu.cpp
  score.cpp
  shop.cpp
W:\Курсач Прога\Project2 — копия\shop.cpp(53,60): warning C4244: =: преобразование "int" в "float", возможна потеря данных
W:\Курсач Прога\Project2 — копия\shop.cpp(54,60): warning C4244: =: преобразование "int" в "float", возможна потеря данных
W:\Курсач Прога\Project2 — копия\shop.cpp(69,60): warning C4244: =: преобразование "int" в "float", возможна потеря данных
W:\Курсач Прога\Project2 — копия\shop.cpp(70,60): warning C4244: =: преобразование "int" в "float", возможна потеря данных
W:\Курсач Прога\Project2 — копия\shop.cpp(85,60): warning C4244: =: преобразование "int" в "float", возможна потеря данных
W:\Курсач Прога\Project2 — копия\shop.cpp(86,60): warning C4244: =: преобразование "int" в "float", возможна потеря данных
  tower.cpp
  upgrade.cpp
  Создание кода...
  Project2.vcxproj -> W:\Курсач Прога\Project2 — копия\x64\Debug\Project2.exe
